<?xml version="1.0" encoding="UTF-8"?>
<!-- Generated by org.testng.reporters.JUnitReportReporter -->
<testsuite hostname="m-C02RR2HJG8WM.local" name="com.facebook.tests.UserTest" tests="1" failures="0" timestamp="28 Feb 2017 20:02:07 GMT" time="1.026" errors="0">
  <testcase name="getUserNameTest" time="1.026" classname="com.facebook.tests.UserTest"/>
</testsuite> <!-- com.facebook.tests.UserTest -->
